[32m2024-04-25 14:11:59 +0700[0m - dagster - [34mDEBUG[0m - __ASSET_JOB - 2a8266d6-8fc6-4a5a-aeae-a20d9f04e990 - 616764 - LOGS_CAPTURED - Started capturing logs in process (pid: 616764).
[32m2024-04-25 14:11:59 +0700[0m - dagster - [34mDEBUG[0m - __ASSET_JOB - 2a8266d6-8fc6-4a5a-aeae-a20d9f04e990 - 616764 - jaffle_shop_dbt_assets - STEP_START - Started execution of step "jaffle_shop_dbt_assets".
[32m2024-04-25 14:11:59 +0700[0m - dagster - [34mINFO[0m - __ASSET_JOB - 2a8266d6-8fc6-4a5a-aeae-a20d9f04e990 - jaffle_shop_dbt_assets - A dbt subsetted execution is not being performed. Using the default dbt selection arguments `['--select', 'fqn:*']`.
[32m2024-04-25 14:11:59 +0700[0m - dagster - [34mINFO[0m - __ASSET_JOB - 2a8266d6-8fc6-4a5a-aeae-a20d9f04e990 - jaffle_shop_dbt_assets - Copying `/home/bui.van.thuong@sun-asterisk.com/Documents/dagster_tutorial/tutorial-dbt-dagster/jaffle_shop/target/partial_parse.msgpack` to `/home/bui.van.thuong@sun-asterisk.com/Documents/dagster_tutorial/tutorial-dbt-dagster/jaffle_shop/target/jaffle_shop_dbt_assets-2a8266d-41f63af/partial_parse.msgpack` to take advantage of partial parsing.
[32m2024-04-25 14:11:59 +0700[0m - dagster - [34mINFO[0m - __ASSET_JOB - 2a8266d6-8fc6-4a5a-aeae-a20d9f04e990 - jaffle_shop_dbt_assets - Running dbt command: `dbt build --select fqn:*`.
[32m2024-04-25 14:12:02 +0700[0m - dagster - [34mDEBUG[0m - __ASSET_JOB - 2a8266d6-8fc6-4a5a-aeae-a20d9f04e990 - 616764 - jaffle_shop_dbt_assets - STEP_OUTPUT - Yielded output "seed_jaffle_shop_raw_payments" of type "Nothing". (Type check passed).
[32m2024-04-25 14:12:02 +0700[0m - dagster - [34mDEBUG[0m - __ASSET_JOB - 2a8266d6-8fc6-4a5a-aeae-a20d9f04e990 - 616764 - jaffle_shop_dbt_assets - ASSET_MATERIALIZATION - Materialized value raw_payments.
[32m2024-04-25 14:12:02 +0700[0m - dagster - [34mDEBUG[0m - __ASSET_JOB - 2a8266d6-8fc6-4a5a-aeae-a20d9f04e990 - 616764 - jaffle_shop_dbt_assets - STEP_OUTPUT - Yielded output "seed_jaffle_shop_raw_orders" of type "Nothing". (Type check passed).
[32m2024-04-25 14:12:02 +0700[0m - dagster - [34mDEBUG[0m - __ASSET_JOB - 2a8266d6-8fc6-4a5a-aeae-a20d9f04e990 - 616764 - jaffle_shop_dbt_assets - ASSET_MATERIALIZATION - Materialized value raw_orders.
[32m2024-04-25 14:12:02 +0700[0m - dagster - [34mDEBUG[0m - __ASSET_JOB - 2a8266d6-8fc6-4a5a-aeae-a20d9f04e990 - 616764 - jaffle_shop_dbt_assets - STEP_OUTPUT - Yielded output "model_jaffle_shop_stg_customers" of type "Nothing". (Type check passed).
[32m2024-04-25 14:12:02 +0700[0m - dagster - [34mDEBUG[0m - __ASSET_JOB - 2a8266d6-8fc6-4a5a-aeae-a20d9f04e990 - 616764 - jaffle_shop_dbt_assets - ASSET_MATERIALIZATION - Materialized value stg_customers.
[32m2024-04-25 14:12:02 +0700[0m - dagster - [34mDEBUG[0m - __ASSET_JOB - 2a8266d6-8fc6-4a5a-aeae-a20d9f04e990 - 616764 - jaffle_shop_dbt_assets - ASSET_CHECK_EVALUATION - ASSET_CHECK_EVALUATION for step jaffle_shop_dbt_assets
[32m2024-04-25 14:12:02 +0700[0m - dagster - [34mDEBUG[0m - __ASSET_JOB - 2a8266d6-8fc6-4a5a-aeae-a20d9f04e990 - 616764 - jaffle_shop_dbt_assets - STEP_OUTPUT - Yielded output "stg_customers_not_null_stg_customers_customer_id" of type "Any". (Type check passed).
[32m2024-04-25 14:12:02 +0700[0m - dagster - [34mDEBUG[0m - __ASSET_JOB - 2a8266d6-8fc6-4a5a-aeae-a20d9f04e990 - 616764 - jaffle_shop_dbt_assets - ASSET_CHECK_EVALUATION - ASSET_CHECK_EVALUATION for step jaffle_shop_dbt_assets
[32m2024-04-25 14:12:02 +0700[0m - dagster - [34mDEBUG[0m - __ASSET_JOB - 2a8266d6-8fc6-4a5a-aeae-a20d9f04e990 - 616764 - jaffle_shop_dbt_assets - STEP_OUTPUT - Yielded output "stg_customers_unique_stg_customers_customer_id" of type "Any". (Type check passed).
[32m2024-04-25 14:12:02 +0700[0m - dagster - [34mDEBUG[0m - __ASSET_JOB - 2a8266d6-8fc6-4a5a-aeae-a20d9f04e990 - 616764 - jaffle_shop_dbt_assets - STEP_OUTPUT - Yielded output "model_jaffle_shop_stg_payments" of type "Nothing". (Type check passed).
[32m2024-04-25 14:12:02 +0700[0m - dagster - [34mDEBUG[0m - __ASSET_JOB - 2a8266d6-8fc6-4a5a-aeae-a20d9f04e990 - 616764 - jaffle_shop_dbt_assets - ASSET_MATERIALIZATION - Materialized value stg_payments.
[32m2024-04-25 14:12:02 +0700[0m - dagster - [34mDEBUG[0m - __ASSET_JOB - 2a8266d6-8fc6-4a5a-aeae-a20d9f04e990 - 616764 - jaffle_shop_dbt_assets - STEP_OUTPUT - Yielded output "model_jaffle_shop_stg_orders" of type "Nothing". (Type check passed).
[32m2024-04-25 14:12:02 +0700[0m - dagster - [34mDEBUG[0m - __ASSET_JOB - 2a8266d6-8fc6-4a5a-aeae-a20d9f04e990 - 616764 - jaffle_shop_dbt_assets - ASSET_MATERIALIZATION - Materialized value stg_orders.
[32m2024-04-25 14:12:03 +0700[0m - dagster - [34mDEBUG[0m - __ASSET_JOB - 2a8266d6-8fc6-4a5a-aeae-a20d9f04e990 - 616764 - jaffle_shop_dbt_assets - ASSET_CHECK_EVALUATION - ASSET_CHECK_EVALUATION for step jaffle_shop_dbt_assets
[32m2024-04-25 14:12:03 +0700[0m - dagster - [34mDEBUG[0m - __ASSET_JOB - 2a8266d6-8fc6-4a5a-aeae-a20d9f04e990 - 616764 - jaffle_shop_dbt_assets - STEP_OUTPUT - Yielded output "stg_payments_accepted_values_stg_payments_payment_method__credit_card__coupon__bank_transfer__gift_card" of type "Any". (Type check passed).
[32m2024-04-25 14:12:03 +0700[0m - dagster - [34mDEBUG[0m - __ASSET_JOB - 2a8266d6-8fc6-4a5a-aeae-a20d9f04e990 - 616764 - jaffle_shop_dbt_assets - ASSET_CHECK_EVALUATION - ASSET_CHECK_EVALUATION for step jaffle_shop_dbt_assets
[32m2024-04-25 14:12:03 +0700[0m - dagster - [34mDEBUG[0m - __ASSET_JOB - 2a8266d6-8fc6-4a5a-aeae-a20d9f04e990 - 616764 - jaffle_shop_dbt_assets - STEP_OUTPUT - Yielded output "stg_payments_not_null_stg_payments_payment_id" of type "Any". (Type check passed).
[32m2024-04-25 14:12:03 +0700[0m - dagster - [34mDEBUG[0m - __ASSET_JOB - 2a8266d6-8fc6-4a5a-aeae-a20d9f04e990 - 616764 - jaffle_shop_dbt_assets - ASSET_CHECK_EVALUATION - ASSET_CHECK_EVALUATION for step jaffle_shop_dbt_assets
[32m2024-04-25 14:12:03 +0700[0m - dagster - [34mDEBUG[0m - __ASSET_JOB - 2a8266d6-8fc6-4a5a-aeae-a20d9f04e990 - 616764 - jaffle_shop_dbt_assets - STEP_OUTPUT - Yielded output "stg_payments_unique_stg_payments_payment_id" of type "Any". (Type check passed).
[32m2024-04-25 14:12:03 +0700[0m - dagster - [34mDEBUG[0m - __ASSET_JOB - 2a8266d6-8fc6-4a5a-aeae-a20d9f04e990 - 616764 - jaffle_shop_dbt_assets - ASSET_CHECK_EVALUATION - ASSET_CHECK_EVALUATION for step jaffle_shop_dbt_assets
[32m2024-04-25 14:12:03 +0700[0m - dagster - [34mDEBUG[0m - __ASSET_JOB - 2a8266d6-8fc6-4a5a-aeae-a20d9f04e990 - 616764 - jaffle_shop_dbt_assets - STEP_OUTPUT - Yielded output "stg_orders_not_null_stg_orders_order_id" of type "Any". (Type check passed).
[32m2024-04-25 14:12:03 +0700[0m - dagster - [34mDEBUG[0m - __ASSET_JOB - 2a8266d6-8fc6-4a5a-aeae-a20d9f04e990 - 616764 - jaffle_shop_dbt_assets - ASSET_CHECK_EVALUATION - ASSET_CHECK_EVALUATION for step jaffle_shop_dbt_assets
[32m2024-04-25 14:12:03 +0700[0m - dagster - [34mDEBUG[0m - __ASSET_JOB - 2a8266d6-8fc6-4a5a-aeae-a20d9f04e990 - 616764 - jaffle_shop_dbt_assets - STEP_OUTPUT - Yielded output "stg_orders_unique_stg_orders_order_id" of type "Any". (Type check passed).
[32m2024-04-25 14:12:03 +0700[0m - dagster - [34mDEBUG[0m - __ASSET_JOB - 2a8266d6-8fc6-4a5a-aeae-a20d9f04e990 - 616764 - jaffle_shop_dbt_assets - ASSET_CHECK_EVALUATION - ASSET_CHECK_EVALUATION for step jaffle_shop_dbt_assets
[32m2024-04-25 14:12:03 +0700[0m - dagster - [34mDEBUG[0m - __ASSET_JOB - 2a8266d6-8fc6-4a5a-aeae-a20d9f04e990 - 616764 - jaffle_shop_dbt_assets - STEP_OUTPUT - Yielded output "stg_orders_accepted_values_stg_orders_status__placed__shipped__completed__return_pending__returned" of type "Any". (Type check passed).
[32m2024-04-25 14:12:03 +0700[0m - dagster - [34mDEBUG[0m - __ASSET_JOB - 2a8266d6-8fc6-4a5a-aeae-a20d9f04e990 - 616764 - jaffle_shop_dbt_assets - STEP_OUTPUT - Yielded output "model_jaffle_shop_orders" of type "Nothing". (Type check passed).
[32m2024-04-25 14:12:03 +0700[0m - dagster - [34mDEBUG[0m - __ASSET_JOB - 2a8266d6-8fc6-4a5a-aeae-a20d9f04e990 - 616764 - jaffle_shop_dbt_assets - ASSET_MATERIALIZATION - Materialized value orders.
[32m2024-04-25 14:12:03 +0700[0m - dagster - [34mDEBUG[0m - __ASSET_JOB - 2a8266d6-8fc6-4a5a-aeae-a20d9f04e990 - 616764 - jaffle_shop_dbt_assets - STEP_OUTPUT - Yielded output "model_jaffle_shop_customers" of type "Nothing". (Type check passed).
[32m2024-04-25 14:12:03 +0700[0m - dagster - [34mDEBUG[0m - __ASSET_JOB - 2a8266d6-8fc6-4a5a-aeae-a20d9f04e990 - 616764 - jaffle_shop_dbt_assets - ASSET_MATERIALIZATION - Materialized value customers.
[32m2024-04-25 14:12:03 +0700[0m - dagster - [34mDEBUG[0m - __ASSET_JOB - 2a8266d6-8fc6-4a5a-aeae-a20d9f04e990 - 616764 - jaffle_shop_dbt_assets - ASSET_CHECK_EVALUATION - ASSET_CHECK_EVALUATION for step jaffle_shop_dbt_assets
[32m2024-04-25 14:12:03 +0700[0m - dagster - [34mDEBUG[0m - __ASSET_JOB - 2a8266d6-8fc6-4a5a-aeae-a20d9f04e990 - 616764 - jaffle_shop_dbt_assets - STEP_OUTPUT - Yielded output "orders_accepted_values_orders_status__placed__shipped__completed__return_pending__returned" of type "Any". (Type check passed).
[32m2024-04-25 14:12:03 +0700[0m - dagster - [34mDEBUG[0m - __ASSET_JOB - 2a8266d6-8fc6-4a5a-aeae-a20d9f04e990 - 616764 - jaffle_shop_dbt_assets - ASSET_CHECK_EVALUATION - ASSET_CHECK_EVALUATION for step jaffle_shop_dbt_assets
[32m2024-04-25 14:12:03 +0700[0m - dagster - [34mDEBUG[0m - __ASSET_JOB - 2a8266d6-8fc6-4a5a-aeae-a20d9f04e990 - 616764 - jaffle_shop_dbt_assets - STEP_OUTPUT - Yielded output "orders_not_null_orders_amount" of type "Any". (Type check passed).
[32m2024-04-25 14:12:03 +0700[0m - dagster - [34mDEBUG[0m - __ASSET_JOB - 2a8266d6-8fc6-4a5a-aeae-a20d9f04e990 - 616764 - jaffle_shop_dbt_assets - ASSET_CHECK_EVALUATION - ASSET_CHECK_EVALUATION for step jaffle_shop_dbt_assets
[32m2024-04-25 14:12:03 +0700[0m - dagster - [34mDEBUG[0m - __ASSET_JOB - 2a8266d6-8fc6-4a5a-aeae-a20d9f04e990 - 616764 - jaffle_shop_dbt_assets - STEP_OUTPUT - Yielded output "orders_not_null_orders_bank_transfer_amount" of type "Any". (Type check passed).
[32m2024-04-25 14:12:03 +0700[0m - dagster - [34mDEBUG[0m - __ASSET_JOB - 2a8266d6-8fc6-4a5a-aeae-a20d9f04e990 - 616764 - jaffle_shop_dbt_assets - ASSET_CHECK_EVALUATION - ASSET_CHECK_EVALUATION for step jaffle_shop_dbt_assets
[32m2024-04-25 14:12:04 +0700[0m - dagster - [34mDEBUG[0m - __ASSET_JOB - 2a8266d6-8fc6-4a5a-aeae-a20d9f04e990 - 616764 - jaffle_shop_dbt_assets - STEP_OUTPUT - Yielded output "orders_not_null_orders_coupon_amount" of type "Any". (Type check passed).
[32m2024-04-25 14:12:04 +0700[0m - dagster - [34mDEBUG[0m - __ASSET_JOB - 2a8266d6-8fc6-4a5a-aeae-a20d9f04e990 - 616764 - jaffle_shop_dbt_assets - ASSET_CHECK_EVALUATION - ASSET_CHECK_EVALUATION for step jaffle_shop_dbt_assets
[32m2024-04-25 14:12:04 +0700[0m - dagster - [34mDEBUG[0m - __ASSET_JOB - 2a8266d6-8fc6-4a5a-aeae-a20d9f04e990 - 616764 - jaffle_shop_dbt_assets - STEP_OUTPUT - Yielded output "orders_not_null_orders_credit_card_amount" of type "Any". (Type check passed).
[32m2024-04-25 14:12:04 +0700[0m - dagster - [34mDEBUG[0m - __ASSET_JOB - 2a8266d6-8fc6-4a5a-aeae-a20d9f04e990 - 616764 - jaffle_shop_dbt_assets - ASSET_CHECK_EVALUATION - ASSET_CHECK_EVALUATION for step jaffle_shop_dbt_assets
[32m2024-04-25 14:12:04 +0700[0m - dagster - [34mDEBUG[0m - __ASSET_JOB - 2a8266d6-8fc6-4a5a-aeae-a20d9f04e990 - 616764 - jaffle_shop_dbt_assets - STEP_OUTPUT - Yielded output "orders_not_null_orders_customer_id" of type "Any". (Type check passed).
[32m2024-04-25 14:12:04 +0700[0m - dagster - [34mDEBUG[0m - __ASSET_JOB - 2a8266d6-8fc6-4a5a-aeae-a20d9f04e990 - 616764 - jaffle_shop_dbt_assets - ASSET_CHECK_EVALUATION - ASSET_CHECK_EVALUATION for step jaffle_shop_dbt_assets
[32m2024-04-25 14:12:04 +0700[0m - dagster - [34mDEBUG[0m - __ASSET_JOB - 2a8266d6-8fc6-4a5a-aeae-a20d9f04e990 - 616764 - jaffle_shop_dbt_assets - STEP_OUTPUT - Yielded output "orders_not_null_orders_gift_card_amount" of type "Any". (Type check passed).
[32m2024-04-25 14:12:04 +0700[0m - dagster - [34mDEBUG[0m - __ASSET_JOB - 2a8266d6-8fc6-4a5a-aeae-a20d9f04e990 - 616764 - jaffle_shop_dbt_assets - ASSET_CHECK_EVALUATION - ASSET_CHECK_EVALUATION for step jaffle_shop_dbt_assets
[32m2024-04-25 14:12:04 +0700[0m - dagster - [34mDEBUG[0m - __ASSET_JOB - 2a8266d6-8fc6-4a5a-aeae-a20d9f04e990 - 616764 - jaffle_shop_dbt_assets - STEP_OUTPUT - Yielded output "orders_not_null_orders_order_id" of type "Any". (Type check passed).
[32m2024-04-25 14:12:04 +0700[0m - dagster - [34mDEBUG[0m - __ASSET_JOB - 2a8266d6-8fc6-4a5a-aeae-a20d9f04e990 - 616764 - jaffle_shop_dbt_assets - ASSET_CHECK_EVALUATION - ASSET_CHECK_EVALUATION for step jaffle_shop_dbt_assets
[32m2024-04-25 14:12:04 +0700[0m - dagster - [34mDEBUG[0m - __ASSET_JOB - 2a8266d6-8fc6-4a5a-aeae-a20d9f04e990 - 616764 - jaffle_shop_dbt_assets - STEP_OUTPUT - Yielded output "orders_unique_orders_order_id" of type "Any". (Type check passed).
[32m2024-04-25 14:12:04 +0700[0m - dagster - [34mDEBUG[0m - __ASSET_JOB - 2a8266d6-8fc6-4a5a-aeae-a20d9f04e990 - 616764 - jaffle_shop_dbt_assets - ASSET_CHECK_EVALUATION - ASSET_CHECK_EVALUATION for step jaffle_shop_dbt_assets
[32m2024-04-25 14:12:04 +0700[0m - dagster - [34mDEBUG[0m - __ASSET_JOB - 2a8266d6-8fc6-4a5a-aeae-a20d9f04e990 - 616764 - jaffle_shop_dbt_assets - STEP_OUTPUT - Yielded output "customers_not_null_customers_customer_id" of type "Any". (Type check passed).
[32m2024-04-25 14:12:04 +0700[0m - dagster - [34mDEBUG[0m - __ASSET_JOB - 2a8266d6-8fc6-4a5a-aeae-a20d9f04e990 - 616764 - jaffle_shop_dbt_assets - ASSET_CHECK_EVALUATION - ASSET_CHECK_EVALUATION for step jaffle_shop_dbt_assets
[32m2024-04-25 14:12:04 +0700[0m - dagster - [34mDEBUG[0m - __ASSET_JOB - 2a8266d6-8fc6-4a5a-aeae-a20d9f04e990 - 616764 - jaffle_shop_dbt_assets - STEP_OUTPUT - Yielded output "orders_relationships_orders_customer_id__customer_id__ref_customers_" of type "Any". (Type check passed).
[32m2024-04-25 14:12:04 +0700[0m - dagster - [34mDEBUG[0m - __ASSET_JOB - 2a8266d6-8fc6-4a5a-aeae-a20d9f04e990 - 616764 - jaffle_shop_dbt_assets - ASSET_CHECK_EVALUATION - ASSET_CHECK_EVALUATION for step jaffle_shop_dbt_assets
[32m2024-04-25 14:12:04 +0700[0m - dagster - [34mDEBUG[0m - __ASSET_JOB - 2a8266d6-8fc6-4a5a-aeae-a20d9f04e990 - 616764 - jaffle_shop_dbt_assets - STEP_OUTPUT - Yielded output "customers_unique_customers_customer_id" of type "Any". (Type check passed).
[32m2024-04-25 14:12:04 +0700[0m - dagster - [34mINFO[0m - __ASSET_JOB - 2a8266d6-8fc6-4a5a-aeae-a20d9f04e990 - jaffle_shop_dbt_assets - Finished dbt command: `dbt build --select fqn:*`.
[32m2024-04-25 14:12:04 +0700[0m - dagster - [34mDEBUG[0m - __ASSET_JOB - 2a8266d6-8fc6-4a5a-aeae-a20d9f04e990 - 616764 - jaffle_shop_dbt_assets - STEP_SUCCESS - Finished execution of step "jaffle_shop_dbt_assets" in 4.82s.
